2025-02-27 20:33:40 Incorrect line or duplicate values
2025-02-27 20:33:40 Incorrect line or duplicate values
2025-02-27 20:33:40 Counting heads and tails
2025-02-27 20:33:40 Counting fractions
2025-02-27 20:33:40 Predicting values
2025-02-27 20:33:40 Saving file
2025-03-01 18:07:22 Incorrect line or duplicate values
2025-03-01 18:07:22 Incorrect line or duplicate values
2025-03-01 18:07:22 Counting heads and tails
2025-03-01 18:07:22 Counting fractions
2025-03-01 18:07:22 Predicting values
2025-03-01 18:07:22 Saving file
2025-03-01 21:43:26 Counting heads and tails
2025-03-01 21:43:26 Counting fractions
2025-03-01 21:43:26 Predicting values
2025-03-01 21:43:26 Saving file
2025-03-01 21:53:29 Counting heads and tails
2025-03-01 21:53:29 Counting fractions
2025-03-01 21:53:29 Predicting values
2025-03-01 21:53:29 Saving file
2025-03-01 21:58:38 Counting heads and tails
2025-03-01 21:58:38 Counting fractions
2025-03-01 21:58:38 Predicting values
2025-03-01 21:58:38 Saving file
2025-03-01 21:58:55 Incorrect line or duplicate values
2025-03-01 21:58:55 File hasn't been read
2025-03-03 13:23:11 Incorrect line or duplicate values
2025-03-03 13:23:11 File hasn't been read
2025-03-03 13:23:38 Counting heads and tails
2025-03-03 13:23:38 Counting fractions
2025-03-03 13:23:38 Predicting values
2025-03-03 13:23:38 Saving file
